   Compiling pulsevm_ffi v0.1.0 (/Users/glennmarien/Documents/MetalBlockchain/pulsevm/crates/pulsevm_ffi)
warning: unused import: `Path`
 --> crates/pulsevm_ffi/build.rs:1:17
  |
1 | use std::path::{Path, PathBuf};
  |                 ^^^^
  |
  = note: `#[warn(unused_imports)]` (part of `#[warn(unused)]`) on by default

warning: unused import: `fs`
 --> crates/pulsevm_ffi/build.rs:2:16
  |
2 | use std::{env, fs};
  |                ^^

warning: unreachable statement
  --> crates/pulsevm_ffi/build.rs:84:5
   |
83 |     panic!("{}", libraries_dest.join("lib").display());
   |     -------------------------------------------------- any code following this expression is unreachable
84 |     println!("cargo:rustc-link-lib=static=fc");
   |     ^^^^^^^^^^^^^^^^^^^^^^^^^^^^^^^^^^^^^^^^^^ unreachable statement
   |
   = note: `#[warn(unreachable_code)]` (part of `#[warn(unused)]`) on by default
   = note: this warning originates in the macro `println` (in Nightly builds, run with -Z macro-backtrace for more info)

warning: unused variable: `target`
  --> crates/pulsevm_ffi/build.rs:19:9
   |
19 |     let target = env::var("TARGET").unwrap();
   |         ^^^^^^ help: if this is intentional, prefix it with an underscore: `_target`
   |
   = note: `#[warn(unused_variables)]` (part of `#[warn(unused)]`) on by default

warning: `pulsevm_ffi` (build script) generated 4 warnings
